app/build/outputs/logs/manifest-merger-debug-report.txt
-- Merging decision tree log ---
manifest
ADDED from src\main\AndroidManifest.xml:3:1-21:12
INJECTED from src\main\AndroidManifest.xml:3:1-21:12
INJECTED from src\main\AndroidManifest.xml:3:1-21:12
INJECTED from src\main\AndroidManifest.xml:3:1-21:12
INJECTED from src\main\AndroidManifest.xml:3:1-21:12
INJECTED from src\main\AndroidManifest.xml:3:1-21:12
INJECTED from src\main\AndroidManifest.xml:3:1-21:12
	package
		ADDED from src\main\AndroidManifest.xml:4:5-49
		INJECTED from src\main\AndroidManifest.xml
		INJECTED from src\main\AndroidManifest.xml
	android:versionName
		ADDED from src\main\AndroidManifest.xml:5:29-54
		INJECTED from src\main\AndroidManifest.xml
		INJECTED from src\main\AndroidManifest.xml
	xmlns:android
		ADDED from src\main\AndroidManifest.xml:3:11-69
	android:versionCode
		ADDED from src\main\AndroidManifest.xml:5:5-28
		INJECTED from src\main\AndroidManifest.xml
		INJECTED from src\main\AndroidManifest.xml
application
ADDED from src\main\AndroidManifest.xml:6:5-16:19
	android:label
		ADDED from src\main\AndroidManifest.xml:6:18-50
	android:icon
		ADDED from src\main\AndroidManifest.xml:6:51-80
activity#com.example.android.contactmanager.ContactManager
ADDED from src\main\AndroidManifest.xml:7:9-12:20
	android:label
		ADDED from src\main\AndroidManifest.xml:7:50-82
	android:name
		ADDED from src\main\AndroidManifest.xml:7:19-49
intent-filter#action:name:android.intent.action.MAIN+category:name:android.intent.category.LAUNCHER
ADDED from src\main\AndroidManifest.xml:8:13-11:29
action#android.intent.action.MAIN
ADDED from src\main\AndroidManifest.xml:9:17-69
	android:name
		ADDED from src\main\AndroidManifest.xml:9:25-66
category#android.intent.category.LAUNCHER
ADDED from src\main\AndroidManifest.xml:10:17-77
	android:name
		ADDED from src\main\AndroidManifest.xml:10:27-74
activity#com.example.android.contactmanager.ContactAdder
ADDED from src\main\AndroidManifest.xml:13:9-14:20
	android:label
		ADDED from src\main\AndroidManifest.xml:13:47-86
	android:name
		ADDED from src\main\AndroidManifest.xml:13:19-46
uses-sdk
ADDED from src\main\AndroidManifest.xml:17:5-74
INJECTED from src\main\AndroidManifest.xml:17:5-74
INJECTED from src\main\AndroidManifest.xml:17:5-74
INJECTED from src\main\AndroidManifest.xml:17:5-74
INJECTED from src\main\AndroidManifest.xml:17:5-74
	android:targetSdkVersion
		ADDED from src\main\AndroidManifest.xml:17:42-71
		INJECTED from src\main\AndroidManifest.xml
		INJECTED from src\main\AndroidManifest.xml
	android:minSdkVersion
		ADDED from src\main\AndroidManifest.xml:17:15-41
		INJECTED from src\main\AndroidManifest.xml
		INJECTED from src\main\AndroidManifest.xml
uses-permission#android.permission.GET_ACCOUNTS
ADDED from src\main\AndroidManifest.xml:18:5-71
	android:name
		ADDED from src\main\AndroidManifest.xml:18:22-68
uses-permission#android.permission.READ_CONTACTS
ADDED from src\main\AndroidManifest.xml:19:5-72
	android:name
		ADDED from src\main\AndroidManifest.xml:19:22-69
uses-permission#android.permission.WRITE_CONTACTS
ADDED from src\main\AndroidManifest.xml:20:5-73
	android:name
		ADDED from src\main\AndroidManifest.xml:20:22-70